<?xml version="1.0" encoding="UTF-8"?>
<!-- Generated by org.testng.reporters.JUnitXMLReporter -->
<testsuite ignored="0" hostname="DESKTOP-D6JD7RJ" failures="1" tests="3" name="Surefire test" time="19.451" errors="0" timestamp="2024-02-02T16:27:42 GST">
  <testcase classname="io.cucumber.testng.AbstractTestNGCucumberTests" name="runScenario" time="11.971">
    <failure type="java.lang.AssertionError" message="expected [Beetroot] but found [No data]">
      <![CDATA[java.lang.AssertionError: expected [Beetroot] but found [No data]
at stepDefinations.OfferPage_stepDefinations.validate_proiduct_name_in_offerpage_matches_with_Landing_page(OfferPage_stepDefinations.java:50)
at ✽.validate proiduct name in offerpage matches with Landing page(file:///C:/Users/sacha/eclipse-workspace/CucumberFramework/src/test/java/features/landingPage.feature:8)
... Removed 6 stack frames]]>
    </failure>
  </testcase> <!-- runScenario -->
  <testcase classname="io.cucumber.testng.AbstractTestNGCucumberTests" name="runScenario" time="13.003"/>
  <testcase classname="io.cucumber.testng.AbstractTestNGCucumberTests" name="runScenario" time="18.26"/>
</testsuite> <!-- Surefire test -->
