<?xml version="1.0" encoding="UTF-8"?>
<testng-results ignored="0" total="1" passed="1" failed="0" skipped="0">
  <reporter-output>
  </reporter-output>
  <suite started-at="2024-02-03T00:17:39 GST" name="Default suite" finished-at="2024-02-03T00:18:22 GST" duration-ms="43767">
    <groups>
      <group name="cucumber">
        <method signature="AbstractTestNGCucumberTests.runScenario(io.cucumber.testng.PickleWrapper,io.cucumber.testng.FeatureWrapper)[pri:0, instance:CucumberOptions.TestNGRunner@6440112d]" name="runScenario" class="io.cucumber.testng.AbstractTestNGCucumberTests"/>
      </group> <!-- cucumber -->
    </groups>
    <test started-at="2024-02-03T00:17:39 GST" name="Default test" finished-at="2024-02-03T00:18:22 GST" duration-ms="43767">
      <class name="CucumberOptions.TestNGRunner">
        <test-method is-config="true" signature="setUpClass(org.testng.ITestContext)[pri:0, instance:CucumberOptions.TestNGRunner@6440112d]" started-at="2024-02-03T00:17:39 GST" name="setUpClass" finished-at="2024-02-03T00:17:40 GST" duration-ms="1223" status="PASS">
          <params>
            <param index="0">
              <value>
                <![CDATA[org.testng.TestRunner@7a1f45ed]]>
              </value>
            </param>
          </params>
          <reporter-output>
          </reporter-output>
        </test-method> <!-- setUpClass -->
        <test-method signature="runScenario(io.cucumber.testng.PickleWrapper,io.cucumber.testng.FeatureWrapper)[pri:0, instance:CucumberOptions.TestNGRunner@6440112d]" started-at="2024-02-03T00:17:40 GST" name="runScenario" description="Runs Cucumber Scenarios" data-provider="scenarios" finished-at="2024-02-03T00:18:22 GST" duration-ms="41989" status="PASS">
          <params>
            <param index="0">
              <value>
                <![CDATA["Search and Add 3 item bag and PlaceOrder"]]>
              </value>
            </param>
            <param index="1">
              <value>
                <![CDATA["Checkout and Place Order"]]>
              </value>
            </param>
          </params>
          <reporter-output>
          </reporter-output>
        </test-method> <!-- runScenario -->
        <test-method is-config="true" signature="tearDownClass()[pri:0, instance:CucumberOptions.TestNGRunner@6440112d]" started-at="2024-02-03T00:18:22 GST" name="tearDownClass" finished-at="2024-02-03T00:18:22 GST" duration-ms="466" status="PASS">
          <reporter-output>
          </reporter-output>
        </test-method> <!-- tearDownClass -->
      </class> <!-- CucumberOptions.TestNGRunner -->
    </test> <!-- Default test -->
  </suite> <!-- Default suite -->
</testng-results>
