<?xml version="1.0" encoding="UTF-8"?>
<!-- Generated by org.testng.reporters.JUnitReportReporter -->
<testsuite hostname="DESKTOP-D6JD7RJ" failures="1" tests="3" name="CucumberOptions.TestNGRunner" time="43.234" errors="0" timestamp="2024-02-02T16:27:42 GST" skipped="0">
  <testcase classname="CucumberOptions.TestNGRunner" name="runScenario" time="13.003"/>
  <testcase classname="CucumberOptions.TestNGRunner" name="runScenario" time="11.971">
    <failure message="expected [Beetroot] but found [No data]" type="java.lang.AssertionError">
      <![CDATA[java.lang.AssertionError: expected [Beetroot] but found [No data]
at org.testng.Assert.fail(Assert.java:111)
at org.testng.Assert.failNotEquals(Assert.java:1578)
at org.testng.Assert.assertEqualsImpl(Assert.java:150)
at org.testng.Assert.assertEquals(Assert.java:132)
at org.testng.Assert.assertEquals(Assert.java:656)
at org.testng.Assert.assertEquals(Assert.java:666)
at stepDefinations.OfferPage_stepDefinations.validate_proiduct_name_in_offerpage_matches_with_Landing_page(OfferPage_stepDefinations.java:50)
at ✽.validate proiduct name in offerpage matches with Landing page(file:///C:/Users/sacha/eclipse-workspace/CucumberFramework/src/test/java/features/landingPage.feature:8)
]]>
    </failure>
  </testcase> <!-- runScenario -->
  <testcase classname="CucumberOptions.TestNGRunner" name="runScenario" time="18.260"/>
</testsuite> <!-- CucumberOptions.TestNGRunner -->
